<?xml version="1.0" encoding="UTF-8"?>
<!-- Generated by org.testng.reporters.JUnitReportReporter -->
<testsuite hostname="DESKTOP-VPG85OJ" failures="0" tests="2" name="DataProvider.Demo_web_shop_multiData_provider" time="20.712" errors="0" timestamp="2022-10-12T11:13:33 IST" skipped="0">
  <testcase classname="DataProvider.Demo_web_shop_multiData_provider" name="f" time="15.450"/>
  <system-out/>
  <testcase classname="DataProvider.Demo_web_shop_multiData_provider" name="f" time="5.262"/>
  <system-out/>
</testsuite> <!-- DataProvider.Demo_web_shop_multiData_provider -->
