<?xml version="1.0" encoding="UTF-8"?>
<!-- Generated by org.testng.reporters.JUnitReportReporter -->
<testsuite hostname="DESKTOP-VPG85OJ" failures="0" tests="1" name="DataProvider.Demo_Web_Shop" time="9.751" errors="0" timestamp="2022-05-27T11:29:45 IST" skipped="0">
  <testcase classname="DataProvider.Demo_Web_Shop" name="f" time="9.751"/>
  <system-out/>
</testsuite> <!-- DataProvider.Demo_Web_Shop -->
