<?xml version="1.0" encoding="UTF-8"?>
<!-- Generated by org.testng.reporters.JUnitReportReporter -->
<testsuite hostname="DESKTOP-VPG85OJ" failures="0" tests="1" name="DataProvider.Normal" time="6.337" errors="0" timestamp="2022-05-26T12:18:26 IST" skipped="0">
  <testcase classname="DataProvider.Normal" name="locator" time="6.337"/>
  <system-out/>
</testsuite> <!-- DataProvider.Normal -->
