<?xml version="1.0" encoding="UTF-8"?>
<!-- Generated by org.testng.reporters.JUnitReportReporter -->
<testsuite hostname="DESKTOP-VPG85OJ" failures="0" tests="3" name="com.cjc.NewTest" time="0.016" errors="0" timestamp="2022-10-12T12:12:49 IST" skipped="1">
  <testcase classname="com.cjc.NewTest" name="B" time="0.004"/>
  <system-out/>
  <testcase classname="com.cjc.NewTest" name="A" time="0.012"/>
  <system-out/>
  <testcase classname="com.cjc.NewTest" name="C">
    <skipped/>
  </testcase> <!-- C -->
  <system-out/>
</testsuite> <!-- com.cjc.NewTest -->
