<?xml version="1.0" encoding="UTF-8"?>
<!-- Generated by org.testng.reporters.JUnitReportReporter -->
<testsuite hostname="DESKTOP-VPG85OJ" failures="0" tests="2" name="DataProvider.Mercury_tours_with_Data_Provider" time="15.580" errors="0" timestamp="2022-05-26T21:49:46 IST" skipped="0">
  <testcase classname="DataProvider.Mercury_tours_with_Data_Provider" name="f" time="11.267"/>
  <system-out/>
  <testcase classname="DataProvider.Mercury_tours_with_Data_Provider" name="f" time="4.313"/>
  <system-out/>
</testsuite> <!-- DataProvider.Mercury_tours_with_Data_Provider -->
